2024/07/29 11:03:07 [error] [php] mail(): Failed to connect to mailserver at &quot;localhost&quot; port 25, verify your &quot;SMTP&quot; and &quot;smtp_port&quot; setting in php.ini or use ini_set() (C:\Users\DELL\Desktop\xampp\htdocs\yii2\yii-1.1.29.f89b76\demos\blog\protected\controllers\SiteController.php:52)
Stack trace:
#0 C:\Users\DELL\Desktop\xampp\htdocs\yii2\yii-1.1.29.f89b76\demos\blog\protected\controllers\SiteController.php(52): mail()
#1 C:\Users\DELL\Desktop\xampp\htdocs\yii2\yii-1.1.29.f89b76\framework\web\actions\CInlineAction.php(49): SiteController->actionContact()
#2 C:\Users\DELL\Desktop\xampp\htdocs\yii2\yii-1.1.29.f89b76\framework\web\CController.php(308): CInlineAction->runWithParams()
#3 C:\Users\DELL\Desktop\xampp\htdocs\yii2\yii-1.1.29.f89b76\framework\web\CController.php(286): SiteController->runAction()
#4 C:\Users\DELL\Desktop\xampp\htdocs\yii2\yii-1.1.29.f89b76\framework\web\CController.php(265): SiteController->runActionWithFilters()
#5 C:\Users\DELL\Desktop\xampp\htdocs\yii2\yii-1.1.29.f89b76\framework\web\CWebApplication.php(282): SiteController->run()
#6 C:\Users\DELL\Desktop\xampp\htdocs\yii2\yii-1.1.29.f89b76\framework\web\CWebApplication.php(141): CWebApplication->runController()
#7 C:\Users\DELL\Desktop\xampp\htdocs\yii2\yii-1.1.29.f89b76\framework\base\CApplication.php(185): CWebApplication->processRequest()
#8 C:\Users\DELL\Desktop\xampp\htdocs\yii2\yii-1.1.29.f89b76\demos\blog\index.php(11): CWebApplication->run()
REQUEST_URI=/yii2/yii-1.1.29.f89b76/demos/blog/index.php/site/contact
2024/07/29 12:07:15 [error] [system.db.CDbCommand] CDbCommand::fetchAll() failed: SQLSTATE[42S02]: Base table or view not found: 1146 Table 'ycrud.{{posts}}' doesn't exist. The SQL statement executed was: SHOW FULL COLUMNS FROM `{{posts}}`.
2024/07/29 12:07:15 [error] [exception.CDbException] CDbException: The table "{{posts}}" for active record class "Post" cannot be found in the database. in C:\Users\DELL\Desktop\xampp\htdocs\yii2\yii-1.1.29.f89b76\framework\db\ar\CActiveRecord.php:2391
Stack trace:
#0 C:\Users\DELL\Desktop\xampp\htdocs\yii2\yii-1.1.29.f89b76\framework\db\ar\CActiveRecord.php(413): CActiveRecordMetaData->__construct(Object(Post))
#1 C:\Users\DELL\Desktop\xampp\htdocs\yii2\yii-1.1.29.f89b76\framework\db\ar\CActiveRecord.php(663): CActiveRecord->getMetaData()
#2 C:\Users\DELL\Desktop\xampp\htdocs\yii2\yii-1.1.29.f89b76\framework\db\ar\CActiveFinder.php(393): CActiveRecord->getTableSchema()
#3 C:\Users\DELL\Desktop\xampp\htdocs\yii2\yii-1.1.29.f89b76\framework\db\ar\CActiveFinder.php(47): CJoinElement->__construct(Object(CActiveFinder), Object(Post))
#4 C:\Users\DELL\Desktop\xampp\htdocs\yii2\yii-1.1.29.f89b76\framework\db\ar\CActiveRecord.php(915): CActiveFinder->__construct(Object(Post), 'commentCount')
#5 C:\Users\DELL\Desktop\xampp\htdocs\yii2\yii-1.1.29.f89b76\framework\db\ar\CActiveRecord.php(1612): CActiveRecord->getActiveFinder('commentCount')
#6 C:\Users\DELL\Desktop\xampp\htdocs\yii2\yii-1.1.29.f89b76\framework\web\CActiveDataProvider.php(228): CActiveRecord->count(Object(CDbCriteria))
#7 C:\Users\DELL\Desktop\xampp\htdocs\yii2\yii-1.1.29.f89b76\framework\web\CDataProvider.php(224): CActiveDataProvider->calculateTotalItemCount()
#8 C:\Users\DELL\Desktop\xampp\htdocs\yii2\yii-1.1.29.f89b76\framework\web\CActiveDataProvider.php(178): CDataProvider->getTotalItemCount()
#9 C:\Users\DELL\Desktop\xampp\htdocs\yii2\yii-1.1.29.f89b76\framework\web\CDataProvider.php(168): CActiveDataProvider->fetchData()
#10 C:\Users\DELL\Desktop\xampp\htdocs\yii2\yii-1.1.29.f89b76\framework\zii\widgets\CBaseListView.php(125): CDataProvider->getData()
#11 C:\Users\DELL\Desktop\xampp\htdocs\yii2\yii-1.1.29.f89b76\framework\zii\widgets\CListView.php(211): CBaseListView->init()
#12 C:\Users\DELL\Desktop\xampp\htdocs\yii2\yii-1.1.29.f89b76\framework\web\CBaseController.php(147): CListView->init()
#13 C:\Users\DELL\Desktop\xampp\htdocs\yii2\yii-1.1.29.f89b76\framework\web\CBaseController.php(181): CBaseController->createWidget('zii.widgets.CLi...', Array)
#14 C:\Users\DELL\Desktop\xampp\htdocs\yii2\yii-1.1.29.f89b76\demos\blog\protected\views\post\index.php(8): CBaseController->widget('zii.widgets.CLi...', Array)
#15 C:\Users\DELL\Desktop\xampp\htdocs\yii2\yii-1.1.29.f89b76\framework\web\CBaseController.php(126): require('C:\\Users\\DELL\\D...')
#16 C:\Users\DELL\Desktop\xampp\htdocs\yii2\yii-1.1.29.f89b76\framework\web\CBaseController.php(95): CBaseController->renderInternal('C:\\Users\\DELL\\D...', Array, true)
#17 C:\Users\DELL\Desktop\xampp\htdocs\yii2\yii-1.1.29.f89b76\framework\web\CController.php(872): CBaseController->renderFile('C:\\Users\\DELL\\D...', Array, true)
#18 C:\Users\DELL\Desktop\xampp\htdocs\yii2\yii-1.1.29.f89b76\framework\web\CController.php(785): CController->renderPartial('index', Array, true)
#19 C:\Users\DELL\Desktop\xampp\htdocs\yii2\yii-1.1.29.f89b76\demos\blog\protected\controllers\PostController.php(135): CController->render('index', Array)
#20 C:\Users\DELL\Desktop\xampp\htdocs\yii2\yii-1.1.29.f89b76\framework\web\actions\CInlineAction.php(49): PostController->actionIndex()
#21 C:\Users\DELL\Desktop\xampp\htdocs\yii2\yii-1.1.29.f89b76\framework\web\CController.php(308): CInlineAction->runWithParams(Array)
#22 C:\Users\DELL\Desktop\xampp\htdocs\yii2\yii-1.1.29.f89b76\framework\web\filters\CFilterChain.php(134): CController->runAction(Object(CInlineAction))
#23 C:\Users\DELL\Desktop\xampp\htdocs\yii2\yii-1.1.29.f89b76\framework\web\filters\CFilter.php(40): CFilterChain->run()
#24 C:\Users\DELL\Desktop\xampp\htdocs\yii2\yii-1.1.29.f89b76\framework\web\CController.php(1148): CFilter->filter(Object(CFilterChain))
#25 C:\Users\DELL\Desktop\xampp\htdocs\yii2\yii-1.1.29.f89b76\framework\web\filters\CInlineFilter.php(58): CController->filterAccessControl(Object(CFilterChain))
#26 C:\Users\DELL\Desktop\xampp\htdocs\yii2\yii-1.1.29.f89b76\framework\web\filters\CFilterChain.php(131): CInlineFilter->filter(Object(CFilterChain))
#27 C:\Users\DELL\Desktop\xampp\htdocs\yii2\yii-1.1.29.f89b76\framework\web\CController.php(291): CFilterChain->run()
#28 C:\Users\DELL\Desktop\xampp\htdocs\yii2\yii-1.1.29.f89b76\framework\web\CController.php(265): CController->runActionWithFilters(Object(CInlineAction), Array)
#29 C:\Users\DELL\Desktop\xampp\htdocs\yii2\yii-1.1.29.f89b76\framework\web\CWebApplication.php(282): CController->run('index')
#30 C:\Users\DELL\Desktop\xampp\htdocs\yii2\yii-1.1.29.f89b76\framework\web\CWebApplication.php(141): CWebApplication->runController('post/index')
#31 C:\Users\DELL\Desktop\xampp\htdocs\yii2\yii-1.1.29.f89b76\framework\base\CApplication.php(185): CWebApplication->processRequest()
#32 C:\Users\DELL\Desktop\xampp\htdocs\yii2\yii-1.1.29.f89b76\demos\blog\index.php(11): CApplication->run()
#33 {main}
REQUEST_URI=/yii2/yii-1.1.29.f89b76/demos/blog/index.php/post/index
HTTP_REFERER=http://localhost/yii2/yii-1.1.29.f89b76/demos/blog/index.php/site/contact
---
2024/07/29 12:07:41 [error] [exception.CDbException] SQLSTATE[HY000] [1049] Unknown database 'blog'
2024/07/29 12:07:41 [error] [exception.CDbException] CDbException: CDbConnection failed to open the DB connection. in C:\Users\DELL\Desktop\xampp\htdocs\yii2\yii-1.1.29.f89b76\framework\db\CDbConnection.php:405
Stack trace:
#0 C:\Users\DELL\Desktop\xampp\htdocs\yii2\yii-1.1.29.f89b76\framework\db\CDbConnection.php(347): CDbConnection->open()
#1 C:\Users\DELL\Desktop\xampp\htdocs\yii2\yii-1.1.29.f89b76\framework\db\CDbConnection.php(325): CDbConnection->setActive(true)
#2 C:\Users\DELL\Desktop\xampp\htdocs\yii2\yii-1.1.29.f89b76\framework\base\CModule.php(394): CDbConnection->init()
#3 C:\Users\DELL\Desktop\xampp\htdocs\yii2\yii-1.1.29.f89b76\framework\base\CApplication.php(459): CModule->getComponent('db')
#4 C:\Users\DELL\Desktop\xampp\htdocs\yii2\yii-1.1.29.f89b76\framework\db\ar\CActiveRecord.php(639): CApplication->getDb()
#5 C:\Users\DELL\Desktop\xampp\htdocs\yii2\yii-1.1.29.f89b76\framework\db\ar\CActiveRecord.php(672): CActiveRecord->getDbConnection()
#6 C:\Users\DELL\Desktop\xampp\htdocs\yii2\yii-1.1.29.f89b76\framework\db\ar\CActiveRecord.php(1604): CActiveRecord->getCommandBuilder()
#7 C:\Users\DELL\Desktop\xampp\htdocs\yii2\yii-1.1.29.f89b76\framework\web\CActiveDataProvider.php(228): CActiveRecord->count(Object(CDbCriteria))
#8 C:\Users\DELL\Desktop\xampp\htdocs\yii2\yii-1.1.29.f89b76\framework\web\CDataProvider.php(224): CActiveDataProvider->calculateTotalItemCount()
#9 C:\Users\DELL\Desktop\xampp\htdocs\yii2\yii-1.1.29.f89b76\framework\web\CActiveDataProvider.php(178): CDataProvider->getTotalItemCount()
#10 C:\Users\DELL\Desktop\xampp\htdocs\yii2\yii-1.1.29.f89b76\framework\web\CDataProvider.php(168): CActiveDataProvider->fetchData()
#11 C:\Users\DELL\Desktop\xampp\htdocs\yii2\yii-1.1.29.f89b76\framework\zii\widgets\CBaseListView.php(125): CDataProvider->getData()
#12 C:\Users\DELL\Desktop\xampp\htdocs\yii2\yii-1.1.29.f89b76\framework\zii\widgets\CListView.php(211): CBaseListView->init()
#13 C:\Users\DELL\Desktop\xampp\htdocs\yii2\yii-1.1.29.f89b76\framework\web\CBaseController.php(147): CListView->init()
#14 C:\Users\DELL\Desktop\xampp\htdocs\yii2\yii-1.1.29.f89b76\framework\web\CBaseController.php(181): CBaseController->createWidget('zii.widgets.CLi...', Array)
#15 C:\Users\DELL\Desktop\xampp\htdocs\yii2\yii-1.1.29.f89b76\demos\blog\protected\views\post\index.php(8): CBaseController->widget('zii.widgets.CLi...', Array)
#16 C:\Users\DELL\Desktop\xampp\htdocs\yii2\yii-1.1.29.f89b76\framework\web\CBaseController.php(126): require('C:\\Users\\DELL\\D...')
#17 C:\Users\DELL\Desktop\xampp\htdocs\yii2\yii-1.1.29.f89b76\framework\web\CBaseController.php(95): CBaseController->renderInternal('C:\\Users\\DELL\\D...', Array, true)
#18 C:\Users\DELL\Desktop\xampp\htdocs\yii2\yii-1.1.29.f89b76\framework\web\CController.php(872): CBaseController->renderFile('C:\\Users\\DELL\\D...', Array, true)
#19 C:\Users\DELL\Desktop\xampp\htdocs\yii2\yii-1.1.29.f89b76\framework\web\CController.php(785): CController->renderPartial('index', Array, true)
#20 C:\Users\DELL\Desktop\xampp\htdocs\yii2\yii-1.1.29.f89b76\demos\blog\protected\controllers\PostController.php(135): CController->render('index', Array)
#21 C:\Users\DELL\Desktop\xampp\htdocs\yii2\yii-1.1.29.f89b76\framework\web\actions\CInlineAction.php(49): PostController->actionIndex()
#22 C:\Users\DELL\Desktop\xampp\htdocs\yii2\yii-1.1.29.f89b76\framework\web\CController.php(308): CInlineAction->runWithParams(Array)
#23 C:\Users\DELL\Desktop\xampp\htdocs\yii2\yii-1.1.29.f89b76\framework\web\filters\CFilterChain.php(134): CController->runAction(Object(CInlineAction))
#24 C:\Users\DELL\Desktop\xampp\htdocs\yii2\yii-1.1.29.f89b76\framework\web\filters\CFilter.php(40): CFilterChain->run()
#25 C:\Users\DELL\Desktop\xampp\htdocs\yii2\yii-1.1.29.f89b76\framework\web\CController.php(1148): CFilter->filter(Object(CFilterChain))
#26 C:\Users\DELL\Desktop\xampp\htdocs\yii2\yii-1.1.29.f89b76\framework\web\filters\CInlineFilter.php(58): CController->filterAccessControl(Object(CFilterChain))
#27 C:\Users\DELL\Desktop\xampp\htdocs\yii2\yii-1.1.29.f89b76\framework\web\filters\CFilterChain.php(131): CInlineFilter->filter(Object(CFilterChain))
#28 C:\Users\DELL\Desktop\xampp\htdocs\yii2\yii-1.1.29.f89b76\framework\web\CController.php(291): CFilterChain->run()
#29 C:\Users\DELL\Desktop\xampp\htdocs\yii2\yii-1.1.29.f89b76\framework\web\CController.php(265): CController->runActionWithFilters(Object(CInlineAction), Array)
#30 C:\Users\DELL\Desktop\xampp\htdocs\yii2\yii-1.1.29.f89b76\framework\web\CWebApplication.php(282): CController->run('index')
#31 C:\Users\DELL\Desktop\xampp\htdocs\yii2\yii-1.1.29.f89b76\framework\web\CWebApplication.php(141): CWebApplication->runController('post/index')
#32 C:\Users\DELL\Desktop\xampp\htdocs\yii2\yii-1.1.29.f89b76\framework\base\CApplication.php(185): CWebApplication->processRequest()
#33 C:\Users\DELL\Desktop\xampp\htdocs\yii2\yii-1.1.29.f89b76\demos\blog\index.php(11): CApplication->run()
#34 {main}
REQUEST_URI=/yii2/yii-1.1.29.f89b76/demos/blog/index.php/post/index
HTTP_REFERER=http://localhost/yii2/yii-1.1.29.f89b76/demos/blog/index.php/site/contact
---
2024/07/29 12:08:03 [error] [exception.CDbException] SQLSTATE[HY000] [1049] Unknown database 'blog'
2024/07/29 12:08:03 [error] [exception.CDbException] CDbException: CDbConnection failed to open the DB connection. in C:\Users\DELL\Desktop\xampp\htdocs\yii2\yii-1.1.29.f89b76\framework\db\CDbConnection.php:405
Stack trace:
#0 C:\Users\DELL\Desktop\xampp\htdocs\yii2\yii-1.1.29.f89b76\framework\db\CDbConnection.php(347): CDbConnection->open()
#1 C:\Users\DELL\Desktop\xampp\htdocs\yii2\yii-1.1.29.f89b76\framework\db\CDbConnection.php(325): CDbConnection->setActive(true)
#2 C:\Users\DELL\Desktop\xampp\htdocs\yii2\yii-1.1.29.f89b76\framework\base\CModule.php(394): CDbConnection->init()
#3 C:\Users\DELL\Desktop\xampp\htdocs\yii2\yii-1.1.29.f89b76\framework\base\CApplication.php(459): CModule->getComponent('db')
#4 C:\Users\DELL\Desktop\xampp\htdocs\yii2\yii-1.1.29.f89b76\framework\db\ar\CActiveRecord.php(639): CApplication->getDb()
#5 C:\Users\DELL\Desktop\xampp\htdocs\yii2\yii-1.1.29.f89b76\framework\db\ar\CActiveRecord.php(672): CActiveRecord->getDbConnection()
#6 C:\Users\DELL\Desktop\xampp\htdocs\yii2\yii-1.1.29.f89b76\framework\db\ar\CActiveRecord.php(1604): CActiveRecord->getCommandBuilder()
#7 C:\Users\DELL\Desktop\xampp\htdocs\yii2\yii-1.1.29.f89b76\framework\web\CActiveDataProvider.php(228): CActiveRecord->count(Object(CDbCriteria))
#8 C:\Users\DELL\Desktop\xampp\htdocs\yii2\yii-1.1.29.f89b76\framework\web\CDataProvider.php(224): CActiveDataProvider->calculateTotalItemCount()
#9 C:\Users\DELL\Desktop\xampp\htdocs\yii2\yii-1.1.29.f89b76\framework\web\CActiveDataProvider.php(178): CDataProvider->getTotalItemCount()
#10 C:\Users\DELL\Desktop\xampp\htdocs\yii2\yii-1.1.29.f89b76\framework\web\CDataProvider.php(168): CActiveDataProvider->fetchData()
#11 C:\Users\DELL\Desktop\xampp\htdocs\yii2\yii-1.1.29.f89b76\framework\zii\widgets\CBaseListView.php(125): CDataProvider->getData()
#12 C:\Users\DELL\Desktop\xampp\htdocs\yii2\yii-1.1.29.f89b76\framework\zii\widgets\CListView.php(211): CBaseListView->init()
#13 C:\Users\DELL\Desktop\xampp\htdocs\yii2\yii-1.1.29.f89b76\framework\web\CBaseController.php(147): CListView->init()
#14 C:\Users\DELL\Desktop\xampp\htdocs\yii2\yii-1.1.29.f89b76\framework\web\CBaseController.php(181): CBaseController->createWidget('zii.widgets.CLi...', Array)
#15 C:\Users\DELL\Desktop\xampp\htdocs\yii2\yii-1.1.29.f89b76\demos\blog\protected\views\post\index.php(8): CBaseController->widget('zii.widgets.CLi...', Array)
#16 C:\Users\DELL\Desktop\xampp\htdocs\yii2\yii-1.1.29.f89b76\framework\web\CBaseController.php(126): require('C:\\Users\\DELL\\D...')
#17 C:\Users\DELL\Desktop\xampp\htdocs\yii2\yii-1.1.29.f89b76\framework\web\CBaseController.php(95): CBaseController->renderInternal('C:\\Users\\DELL\\D...', Array, true)
#18 C:\Users\DELL\Desktop\xampp\htdocs\yii2\yii-1.1.29.f89b76\framework\web\CController.php(872): CBaseController->renderFile('C:\\Users\\DELL\\D...', Array, true)
#19 C:\Users\DELL\Desktop\xampp\htdocs\yii2\yii-1.1.29.f89b76\framework\web\CController.php(785): CController->renderPartial('index', Array, true)
#20 C:\Users\DELL\Desktop\xampp\htdocs\yii2\yii-1.1.29.f89b76\demos\blog\protected\controllers\PostController.php(135): CController->render('index', Array)
#21 C:\Users\DELL\Desktop\xampp\htdocs\yii2\yii-1.1.29.f89b76\framework\web\actions\CInlineAction.php(49): PostController->actionIndex()
#22 C:\Users\DELL\Desktop\xampp\htdocs\yii2\yii-1.1.29.f89b76\framework\web\CController.php(308): CInlineAction->runWithParams(Array)
#23 C:\Users\DELL\Desktop\xampp\htdocs\yii2\yii-1.1.29.f89b76\framework\web\filters\CFilterChain.php(134): CController->runAction(Object(CInlineAction))
#24 C:\Users\DELL\Desktop\xampp\htdocs\yii2\yii-1.1.29.f89b76\framework\web\filters\CFilter.php(40): CFilterChain->run()
#25 C:\Users\DELL\Desktop\xampp\htdocs\yii2\yii-1.1.29.f89b76\framework\web\CController.php(1148): CFilter->filter(Object(CFilterChain))
#26 C:\Users\DELL\Desktop\xampp\htdocs\yii2\yii-1.1.29.f89b76\framework\web\filters\CInlineFilter.php(58): CController->filterAccessControl(Object(CFilterChain))
#27 C:\Users\DELL\Desktop\xampp\htdocs\yii2\yii-1.1.29.f89b76\framework\web\filters\CFilterChain.php(131): CInlineFilter->filter(Object(CFilterChain))
#28 C:\Users\DELL\Desktop\xampp\htdocs\yii2\yii-1.1.29.f89b76\framework\web\CController.php(291): CFilterChain->run()
#29 C:\Users\DELL\Desktop\xampp\htdocs\yii2\yii-1.1.29.f89b76\framework\web\CController.php(265): CController->runActionWithFilters(Object(CInlineAction), Array)
#30 C:\Users\DELL\Desktop\xampp\htdocs\yii2\yii-1.1.29.f89b76\framework\web\CWebApplication.php(282): CController->run('index')
#31 C:\Users\DELL\Desktop\xampp\htdocs\yii2\yii-1.1.29.f89b76\framework\web\CWebApplication.php(141): CWebApplication->runController('post/index')
#32 C:\Users\DELL\Desktop\xampp\htdocs\yii2\yii-1.1.29.f89b76\framework\base\CApplication.php(185): CWebApplication->processRequest()
#33 C:\Users\DELL\Desktop\xampp\htdocs\yii2\yii-1.1.29.f89b76\demos\blog\index.php(11): CApplication->run()
#34 {main}
REQUEST_URI=/yii2/yii-1.1.29.f89b76/demos/blog/index.php/post/index
HTTP_REFERER=http://localhost/yii2/yii-1.1.29.f89b76/demos/blog/index.php/site/contact
---
2024/07/29 12:08:04 [error] [exception.CDbException] SQLSTATE[HY000] [1049] Unknown database 'blog'
2024/07/29 12:08:04 [error] [exception.CDbException] CDbException: CDbConnection failed to open the DB connection. in C:\Users\DELL\Desktop\xampp\htdocs\yii2\yii-1.1.29.f89b76\framework\db\CDbConnection.php:405
Stack trace:
#0 C:\Users\DELL\Desktop\xampp\htdocs\yii2\yii-1.1.29.f89b76\framework\db\CDbConnection.php(347): CDbConnection->open()
#1 C:\Users\DELL\Desktop\xampp\htdocs\yii2\yii-1.1.29.f89b76\framework\db\CDbConnection.php(325): CDbConnection->setActive(true)
#2 C:\Users\DELL\Desktop\xampp\htdocs\yii2\yii-1.1.29.f89b76\framework\base\CModule.php(394): CDbConnection->init()
#3 C:\Users\DELL\Desktop\xampp\htdocs\yii2\yii-1.1.29.f89b76\framework\base\CApplication.php(459): CModule->getComponent('db')
#4 C:\Users\DELL\Desktop\xampp\htdocs\yii2\yii-1.1.29.f89b76\framework\db\ar\CActiveRecord.php(639): CApplication->getDb()
#5 C:\Users\DELL\Desktop\xampp\htdocs\yii2\yii-1.1.29.f89b76\framework\db\ar\CActiveRecord.php(672): CActiveRecord->getDbConnection()
#6 C:\Users\DELL\Desktop\xampp\htdocs\yii2\yii-1.1.29.f89b76\framework\db\ar\CActiveRecord.php(1604): CActiveRecord->getCommandBuilder()
#7 C:\Users\DELL\Desktop\xampp\htdocs\yii2\yii-1.1.29.f89b76\framework\web\CActiveDataProvider.php(228): CActiveRecord->count(Object(CDbCriteria))
#8 C:\Users\DELL\Desktop\xampp\htdocs\yii2\yii-1.1.29.f89b76\framework\web\CDataProvider.php(224): CActiveDataProvider->calculateTotalItemCount()
#9 C:\Users\DELL\Desktop\xampp\htdocs\yii2\yii-1.1.29.f89b76\framework\web\CActiveDataProvider.php(178): CDataProvider->getTotalItemCount()
#10 C:\Users\DELL\Desktop\xampp\htdocs\yii2\yii-1.1.29.f89b76\framework\web\CDataProvider.php(168): CActiveDataProvider->fetchData()
#11 C:\Users\DELL\Desktop\xampp\htdocs\yii2\yii-1.1.29.f89b76\framework\zii\widgets\CBaseListView.php(125): CDataProvider->getData()
#12 C:\Users\DELL\Desktop\xampp\htdocs\yii2\yii-1.1.29.f89b76\framework\zii\widgets\CListView.php(211): CBaseListView->init()
#13 C:\Users\DELL\Desktop\xampp\htdocs\yii2\yii-1.1.29.f89b76\framework\web\CBaseController.php(147): CListView->init()
#14 C:\Users\DELL\Desktop\xampp\htdocs\yii2\yii-1.1.29.f89b76\framework\web\CBaseController.php(181): CBaseController->createWidget('zii.widgets.CLi...', Array)
#15 C:\Users\DELL\Desktop\xampp\htdocs\yii2\yii-1.1.29.f89b76\demos\blog\protected\views\post\index.php(8): CBaseController->widget('zii.widgets.CLi...', Array)
#16 C:\Users\DELL\Desktop\xampp\htdocs\yii2\yii-1.1.29.f89b76\framework\web\CBaseController.php(126): require('C:\\Users\\DELL\\D...')
#17 C:\Users\DELL\Desktop\xampp\htdocs\yii2\yii-1.1.29.f89b76\framework\web\CBaseController.php(95): CBaseController->renderInternal('C:\\Users\\DELL\\D...', Array, true)
#18 C:\Users\DELL\Desktop\xampp\htdocs\yii2\yii-1.1.29.f89b76\framework\web\CController.php(872): CBaseController->renderFile('C:\\Users\\DELL\\D...', Array, true)
#19 C:\Users\DELL\Desktop\xampp\htdocs\yii2\yii-1.1.29.f89b76\framework\web\CController.php(785): CController->renderPartial('index', Array, true)
#20 C:\Users\DELL\Desktop\xampp\htdocs\yii2\yii-1.1.29.f89b76\demos\blog\protected\controllers\PostController.php(135): CController->render('index', Array)
#21 C:\Users\DELL\Desktop\xampp\htdocs\yii2\yii-1.1.29.f89b76\framework\web\actions\CInlineAction.php(49): PostController->actionIndex()
#22 C:\Users\DELL\Desktop\xampp\htdocs\yii2\yii-1.1.29.f89b76\framework\web\CController.php(308): CInlineAction->runWithParams(Array)
#23 C:\Users\DELL\Desktop\xampp\htdocs\yii2\yii-1.1.29.f89b76\framework\web\filters\CFilterChain.php(134): CController->runAction(Object(CInlineAction))
#24 C:\Users\DELL\Desktop\xampp\htdocs\yii2\yii-1.1.29.f89b76\framework\web\filters\CFilter.php(40): CFilterChain->run()
#25 C:\Users\DELL\Desktop\xampp\htdocs\yii2\yii-1.1.29.f89b76\framework\web\CController.php(1148): CFilter->filter(Object(CFilterChain))
#26 C:\Users\DELL\Desktop\xampp\htdocs\yii2\yii-1.1.29.f89b76\framework\web\filters\CInlineFilter.php(58): CController->filterAccessControl(Object(CFilterChain))
#27 C:\Users\DELL\Desktop\xampp\htdocs\yii2\yii-1.1.29.f89b76\framework\web\filters\CFilterChain.php(131): CInlineFilter->filter(Object(CFilterChain))
#28 C:\Users\DELL\Desktop\xampp\htdocs\yii2\yii-1.1.29.f89b76\framework\web\CController.php(291): CFilterChain->run()
#29 C:\Users\DELL\Desktop\xampp\htdocs\yii2\yii-1.1.29.f89b76\framework\web\CController.php(265): CController->runActionWithFilters(Object(CInlineAction), Array)
#30 C:\Users\DELL\Desktop\xampp\htdocs\yii2\yii-1.1.29.f89b76\framework\web\CWebApplication.php(282): CController->run('index')
#31 C:\Users\DELL\Desktop\xampp\htdocs\yii2\yii-1.1.29.f89b76\framework\web\CWebApplication.php(141): CWebApplication->runController('post/index')
#32 C:\Users\DELL\Desktop\xampp\htdocs\yii2\yii-1.1.29.f89b76\framework\base\CApplication.php(185): CWebApplication->processRequest()
#33 C:\Users\DELL\Desktop\xampp\htdocs\yii2\yii-1.1.29.f89b76\demos\blog\index.php(11): CApplication->run()
#34 {main}
REQUEST_URI=/yii2/yii-1.1.29.f89b76/demos/blog/index.php/post/index
HTTP_REFERER=http://localhost/yii2/yii-1.1.29.f89b76/demos/blog/index.php/site/contact
---
2024/07/29 12:08:06 [error] [exception.CDbException] SQLSTATE[HY000] [1049] Unknown database 'blog'
2024/07/29 12:08:06 [error] [exception.CDbException] CDbException: CDbConnection failed to open the DB connection. in C:\Users\DELL\Desktop\xampp\htdocs\yii2\yii-1.1.29.f89b76\framework\db\CDbConnection.php:405
Stack trace:
#0 C:\Users\DELL\Desktop\xampp\htdocs\yii2\yii-1.1.29.f89b76\framework\db\CDbConnection.php(347): CDbConnection->open()
#1 C:\Users\DELL\Desktop\xampp\htdocs\yii2\yii-1.1.29.f89b76\framework\db\CDbConnection.php(325): CDbConnection->setActive(true)
#2 C:\Users\DELL\Desktop\xampp\htdocs\yii2\yii-1.1.29.f89b76\framework\base\CModule.php(394): CDbConnection->init()
#3 C:\Users\DELL\Desktop\xampp\htdocs\yii2\yii-1.1.29.f89b76\framework\base\CApplication.php(459): CModule->getComponent('db')
#4 C:\Users\DELL\Desktop\xampp\htdocs\yii2\yii-1.1.29.f89b76\framework\db\ar\CActiveRecord.php(639): CApplication->getDb()
#5 C:\Users\DELL\Desktop\xampp\htdocs\yii2\yii-1.1.29.f89b76\framework\db\ar\CActiveRecord.php(672): CActiveRecord->getDbConnection()
#6 C:\Users\DELL\Desktop\xampp\htdocs\yii2\yii-1.1.29.f89b76\framework\db\ar\CActiveRecord.php(1604): CActiveRecord->getCommandBuilder()
#7 C:\Users\DELL\Desktop\xampp\htdocs\yii2\yii-1.1.29.f89b76\framework\web\CActiveDataProvider.php(228): CActiveRecord->count(Object(CDbCriteria))
#8 C:\Users\DELL\Desktop\xampp\htdocs\yii2\yii-1.1.29.f89b76\framework\web\CDataProvider.php(224): CActiveDataProvider->calculateTotalItemCount()
#9 C:\Users\DELL\Desktop\xampp\htdocs\yii2\yii-1.1.29.f89b76\framework\web\CActiveDataProvider.php(178): CDataProvider->getTotalItemCount()
#10 C:\Users\DELL\Desktop\xampp\htdocs\yii2\yii-1.1.29.f89b76\framework\web\CDataProvider.php(168): CActiveDataProvider->fetchData()
#11 C:\Users\DELL\Desktop\xampp\htdocs\yii2\yii-1.1.29.f89b76\framework\zii\widgets\CBaseListView.php(125): CDataProvider->getData()
#12 C:\Users\DELL\Desktop\xampp\htdocs\yii2\yii-1.1.29.f89b76\framework\zii\widgets\CListView.php(211): CBaseListView->init()
#13 C:\Users\DELL\Desktop\xampp\htdocs\yii2\yii-1.1.29.f89b76\framework\web\CBaseController.php(147): CListView->init()
#14 C:\Users\DELL\Desktop\xampp\htdocs\yii2\yii-1.1.29.f89b76\framework\web\CBaseController.php(181): CBaseController->createWidget('zii.widgets.CLi...', Array)
#15 C:\Users\DELL\Desktop\xampp\htdocs\yii2\yii-1.1.29.f89b76\demos\blog\protected\views\post\index.php(8): CBaseController->widget('zii.widgets.CLi...', Array)
#16 C:\Users\DELL\Desktop\xampp\htdocs\yii2\yii-1.1.29.f89b76\framework\web\CBaseController.php(126): require('C:\\Users\\DELL\\D...')
#17 C:\Users\DELL\Desktop\xampp\htdocs\yii2\yii-1.1.29.f89b76\framework\web\CBaseController.php(95): CBaseController->renderInternal('C:\\Users\\DELL\\D...', Array, true)
#18 C:\Users\DELL\Desktop\xampp\htdocs\yii2\yii-1.1.29.f89b76\framework\web\CController.php(872): CBaseController->renderFile('C:\\Users\\DELL\\D...', Array, true)
#19 C:\Users\DELL\Desktop\xampp\htdocs\yii2\yii-1.1.29.f89b76\framework\web\CController.php(785): CController->renderPartial('index', Array, true)
#20 C:\Users\DELL\Desktop\xampp\htdocs\yii2\yii-1.1.29.f89b76\demos\blog\protected\controllers\PostController.php(135): CController->render('index', Array)
#21 C:\Users\DELL\Desktop\xampp\htdocs\yii2\yii-1.1.29.f89b76\framework\web\actions\CInlineAction.php(49): PostController->actionIndex()
#22 C:\Users\DELL\Desktop\xampp\htdocs\yii2\yii-1.1.29.f89b76\framework\web\CController.php(308): CInlineAction->runWithParams(Array)
#23 C:\Users\DELL\Desktop\xampp\htdocs\yii2\yii-1.1.29.f89b76\framework\web\filters\CFilterChain.php(134): CController->runAction(Object(CInlineAction))
#24 C:\Users\DELL\Desktop\xampp\htdocs\yii2\yii-1.1.29.f89b76\framework\web\filters\CFilter.php(40): CFilterChain->run()
#25 C:\Users\DELL\Desktop\xampp\htdocs\yii2\yii-1.1.29.f89b76\framework\web\CController.php(1148): CFilter->filter(Object(CFilterChain))
#26 C:\Users\DELL\Desktop\xampp\htdocs\yii2\yii-1.1.29.f89b76\framework\web\filters\CInlineFilter.php(58): CController->filterAccessControl(Object(CFilterChain))
#27 C:\Users\DELL\Desktop\xampp\htdocs\yii2\yii-1.1.29.f89b76\framework\web\filters\CFilterChain.php(131): CInlineFilter->filter(Object(CFilterChain))
#28 C:\Users\DELL\Desktop\xampp\htdocs\yii2\yii-1.1.29.f89b76\framework\web\CController.php(291): CFilterChain->run()
#29 C:\Users\DELL\Desktop\xampp\htdocs\yii2\yii-1.1.29.f89b76\framework\web\CController.php(265): CController->runActionWithFilters(Object(CInlineAction), Array)
#30 C:\Users\DELL\Desktop\xampp\htdocs\yii2\yii-1.1.29.f89b76\framework\web\CWebApplication.php(282): CController->run('index')
#31 C:\Users\DELL\Desktop\xampp\htdocs\yii2\yii-1.1.29.f89b76\framework\web\CWebApplication.php(141): CWebApplication->runController('post/index')
#32 C:\Users\DELL\Desktop\xampp\htdocs\yii2\yii-1.1.29.f89b76\framework\base\CApplication.php(185): CWebApplication->processRequest()
#33 C:\Users\DELL\Desktop\xampp\htdocs\yii2\yii-1.1.29.f89b76\demos\blog\index.php(11): CApplication->run()
#34 {main}
REQUEST_URI=/yii2/yii-1.1.29.f89b76/demos/blog/index.php/post/index
HTTP_REFERER=http://localhost/yii2/yii-1.1.29.f89b76/demos/blog/index.php/site/contact
---
2024/07/29 12:08:28 [error] [exception.CDbException] SQLSTATE[HY000] [1049] Unknown database 'blog'
2024/07/29 12:08:28 [error] [exception.CDbException] CDbException: CDbConnection failed to open the DB connection. in C:\Users\DELL\Desktop\xampp\htdocs\yii2\yii-1.1.29.f89b76\framework\db\CDbConnection.php:405
Stack trace:
#0 C:\Users\DELL\Desktop\xampp\htdocs\yii2\yii-1.1.29.f89b76\framework\db\CDbConnection.php(347): CDbConnection->open()
#1 C:\Users\DELL\Desktop\xampp\htdocs\yii2\yii-1.1.29.f89b76\framework\db\CDbConnection.php(325): CDbConnection->setActive(true)
#2 C:\Users\DELL\Desktop\xampp\htdocs\yii2\yii-1.1.29.f89b76\framework\base\CModule.php(394): CDbConnection->init()
#3 C:\Users\DELL\Desktop\xampp\htdocs\yii2\yii-1.1.29.f89b76\framework\base\CApplication.php(459): CModule->getComponent('db')
#4 C:\Users\DELL\Desktop\xampp\htdocs\yii2\yii-1.1.29.f89b76\framework\db\ar\CActiveRecord.php(639): CApplication->getDb()
#5 C:\Users\DELL\Desktop\xampp\htdocs\yii2\yii-1.1.29.f89b76\framework\db\ar\CActiveRecord.php(672): CActiveRecord->getDbConnection()
#6 C:\Users\DELL\Desktop\xampp\htdocs\yii2\yii-1.1.29.f89b76\framework\db\ar\CActiveRecord.php(1604): CActiveRecord->getCommandBuilder()
#7 C:\Users\DELL\Desktop\xampp\htdocs\yii2\yii-1.1.29.f89b76\framework\web\CActiveDataProvider.php(228): CActiveRecord->count(Object(CDbCriteria))
#8 C:\Users\DELL\Desktop\xampp\htdocs\yii2\yii-1.1.29.f89b76\framework\web\CDataProvider.php(224): CActiveDataProvider->calculateTotalItemCount()
#9 C:\Users\DELL\Desktop\xampp\htdocs\yii2\yii-1.1.29.f89b76\framework\web\CActiveDataProvider.php(178): CDataProvider->getTotalItemCount()
#10 C:\Users\DELL\Desktop\xampp\htdocs\yii2\yii-1.1.29.f89b76\framework\web\CDataProvider.php(168): CActiveDataProvider->fetchData()
#11 C:\Users\DELL\Desktop\xampp\htdocs\yii2\yii-1.1.29.f89b76\framework\zii\widgets\CBaseListView.php(125): CDataProvider->getData()
#12 C:\Users\DELL\Desktop\xampp\htdocs\yii2\yii-1.1.29.f89b76\framework\zii\widgets\CListView.php(211): CBaseListView->init()
#13 C:\Users\DELL\Desktop\xampp\htdocs\yii2\yii-1.1.29.f89b76\framework\web\CBaseController.php(147): CListView->init()
#14 C:\Users\DELL\Desktop\xampp\htdocs\yii2\yii-1.1.29.f89b76\framework\web\CBaseController.php(181): CBaseController->createWidget('zii.widgets.CLi...', Array)
#15 C:\Users\DELL\Desktop\xampp\htdocs\yii2\yii-1.1.29.f89b76\demos\blog\protected\views\post\index.php(8): CBaseController->widget('zii.widgets.CLi...', Array)
#16 C:\Users\DELL\Desktop\xampp\htdocs\yii2\yii-1.1.29.f89b76\framework\web\CBaseController.php(126): require('C:\\Users\\DELL\\D...')
#17 C:\Users\DELL\Desktop\xampp\htdocs\yii2\yii-1.1.29.f89b76\framework\web\CBaseController.php(95): CBaseController->renderInternal('C:\\Users\\DELL\\D...', Array, true)
#18 C:\Users\DELL\Desktop\xampp\htdocs\yii2\yii-1.1.29.f89b76\framework\web\CController.php(872): CBaseController->renderFile('C:\\Users\\DELL\\D...', Array, true)
#19 C:\Users\DELL\Desktop\xampp\htdocs\yii2\yii-1.1.29.f89b76\framework\web\CController.php(785): CController->renderPartial('index', Array, true)
#20 C:\Users\DELL\Desktop\xampp\htdocs\yii2\yii-1.1.29.f89b76\demos\blog\protected\controllers\PostController.php(135): CController->render('index', Array)
#21 C:\Users\DELL\Desktop\xampp\htdocs\yii2\yii-1.1.29.f89b76\framework\web\actions\CInlineAction.php(49): PostController->actionIndex()
#22 C:\Users\DELL\Desktop\xampp\htdocs\yii2\yii-1.1.29.f89b76\framework\web\CController.php(308): CInlineAction->runWithParams(Array)
#23 C:\Users\DELL\Desktop\xampp\htdocs\yii2\yii-1.1.29.f89b76\framework\web\filters\CFilterChain.php(134): CController->runAction(Object(CInlineAction))
#24 C:\Users\DELL\Desktop\xampp\htdocs\yii2\yii-1.1.29.f89b76\framework\web\filters\CFilter.php(40): CFilterChain->run()
#25 C:\Users\DELL\Desktop\xampp\htdocs\yii2\yii-1.1.29.f89b76\framework\web\CController.php(1148): CFilter->filter(Object(CFilterChain))
#26 C:\Users\DELL\Desktop\xampp\htdocs\yii2\yii-1.1.29.f89b76\framework\web\filters\CInlineFilter.php(58): CController->filterAccessControl(Object(CFilterChain))
#27 C:\Users\DELL\Desktop\xampp\htdocs\yii2\yii-1.1.29.f89b76\framework\web\filters\CFilterChain.php(131): CInlineFilter->filter(Object(CFilterChain))
#28 C:\Users\DELL\Desktop\xampp\htdocs\yii2\yii-1.1.29.f89b76\framework\web\CController.php(291): CFilterChain->run()
#29 C:\Users\DELL\Desktop\xampp\htdocs\yii2\yii-1.1.29.f89b76\framework\web\CController.php(265): CController->runActionWithFilters(Object(CInlineAction), Array)
#30 C:\Users\DELL\Desktop\xampp\htdocs\yii2\yii-1.1.29.f89b76\framework\web\CWebApplication.php(282): CController->run('index')
#31 C:\Users\DELL\Desktop\xampp\htdocs\yii2\yii-1.1.29.f89b76\framework\web\CWebApplication.php(141): CWebApplication->runController('post/index')
#32 C:\Users\DELL\Desktop\xampp\htdocs\yii2\yii-1.1.29.f89b76\framework\base\CApplication.php(185): CWebApplication->processRequest()
#33 C:\Users\DELL\Desktop\xampp\htdocs\yii2\yii-1.1.29.f89b76\demos\blog\index.php(11): CApplication->run()
#34 {main}
REQUEST_URI=/yii2/yii-1.1.29.f89b76/demos/blog/index.php/post/index
HTTP_REFERER=http://localhost/yii2/yii-1.1.29.f89b76/demos/blog/index.php/site/contact
---
2024/07/29 12:08:29 [error] [exception.CDbException] SQLSTATE[HY000] [1049] Unknown database 'blog'
2024/07/29 12:08:29 [error] [exception.CDbException] CDbException: CDbConnection failed to open the DB connection. in C:\Users\DELL\Desktop\xampp\htdocs\yii2\yii-1.1.29.f89b76\framework\db\CDbConnection.php:405
Stack trace:
#0 C:\Users\DELL\Desktop\xampp\htdocs\yii2\yii-1.1.29.f89b76\framework\db\CDbConnection.php(347): CDbConnection->open()
#1 C:\Users\DELL\Desktop\xampp\htdocs\yii2\yii-1.1.29.f89b76\framework\db\CDbConnection.php(325): CDbConnection->setActive(true)
#2 C:\Users\DELL\Desktop\xampp\htdocs\yii2\yii-1.1.29.f89b76\framework\base\CModule.php(394): CDbConnection->init()
#3 C:\Users\DELL\Desktop\xampp\htdocs\yii2\yii-1.1.29.f89b76\framework\base\CApplication.php(459): CModule->getComponent('db')
#4 C:\Users\DELL\Desktop\xampp\htdocs\yii2\yii-1.1.29.f89b76\framework\db\ar\CActiveRecord.php(639): CApplication->getDb()
#5 C:\Users\DELL\Desktop\xampp\htdocs\yii2\yii-1.1.29.f89b76\framework\db\ar\CActiveRecord.php(672): CActiveRecord->getDbConnection()
#6 C:\Users\DELL\Desktop\xampp\htdocs\yii2\yii-1.1.29.f89b76\framework\db\ar\CActiveRecord.php(1604): CActiveRecord->getCommandBuilder()
#7 C:\Users\DELL\Desktop\xampp\htdocs\yii2\yii-1.1.29.f89b76\framework\web\CActiveDataProvider.php(228): CActiveRecord->count(Object(CDbCriteria))
#8 C:\Users\DELL\Desktop\xampp\htdocs\yii2\yii-1.1.29.f89b76\framework\web\CDataProvider.php(224): CActiveDataProvider->calculateTotalItemCount()
#9 C:\Users\DELL\Desktop\xampp\htdocs\yii2\yii-1.1.29.f89b76\framework\web\CActiveDataProvider.php(178): CDataProvider->getTotalItemCount()
#10 C:\Users\DELL\Desktop\xampp\htdocs\yii2\yii-1.1.29.f89b76\framework\web\CDataProvider.php(168): CActiveDataProvider->fetchData()
#11 C:\Users\DELL\Desktop\xampp\htdocs\yii2\yii-1.1.29.f89b76\framework\zii\widgets\CBaseListView.php(125): CDataProvider->getData()
#12 C:\Users\DELL\Desktop\xampp\htdocs\yii2\yii-1.1.29.f89b76\framework\zii\widgets\CListView.php(211): CBaseListView->init()
#13 C:\Users\DELL\Desktop\xampp\htdocs\yii2\yii-1.1.29.f89b76\framework\web\CBaseController.php(147): CListView->init()
#14 C:\Users\DELL\Desktop\xampp\htdocs\yii2\yii-1.1.29.f89b76\framework\web\CBaseController.php(181): CBaseController->createWidget('zii.widgets.CLi...', Array)
#15 C:\Users\DELL\Desktop\xampp\htdocs\yii2\yii-1.1.29.f89b76\demos\blog\protected\views\post\index.php(8): CBaseController->widget('zii.widgets.CLi...', Array)
#16 C:\Users\DELL\Desktop\xampp\htdocs\yii2\yii-1.1.29.f89b76\framework\web\CBaseController.php(126): require('C:\\Users\\DELL\\D...')
#17 C:\Users\DELL\Desktop\xampp\htdocs\yii2\yii-1.1.29.f89b76\framework\web\CBaseController.php(95): CBaseController->renderInternal('C:\\Users\\DELL\\D...', Array, true)
#18 C:\Users\DELL\Desktop\xampp\htdocs\yii2\yii-1.1.29.f89b76\framework\web\CController.php(872): CBaseController->renderFile('C:\\Users\\DELL\\D...', Array, true)
#19 C:\Users\DELL\Desktop\xampp\htdocs\yii2\yii-1.1.29.f89b76\framework\web\CController.php(785): CController->renderPartial('index', Array, true)
#20 C:\Users\DELL\Desktop\xampp\htdocs\yii2\yii-1.1.29.f89b76\demos\blog\protected\controllers\PostController.php(135): CController->render('index', Array)
#21 C:\Users\DELL\Desktop\xampp\htdocs\yii2\yii-1.1.29.f89b76\framework\web\actions\CInlineAction.php(49): PostController->actionIndex()
#22 C:\Users\DELL\Desktop\xampp\htdocs\yii2\yii-1.1.29.f89b76\framework\web\CController.php(308): CInlineAction->runWithParams(Array)
#23 C:\Users\DELL\Desktop\xampp\htdocs\yii2\yii-1.1.29.f89b76\framework\web\filters\CFilterChain.php(134): CController->runAction(Object(CInlineAction))
#24 C:\Users\DELL\Desktop\xampp\htdocs\yii2\yii-1.1.29.f89b76\framework\web\filters\CFilter.php(40): CFilterChain->run()
#25 C:\Users\DELL\Desktop\xampp\htdocs\yii2\yii-1.1.29.f89b76\framework\web\CController.php(1148): CFilter->filter(Object(CFilterChain))
#26 C:\Users\DELL\Desktop\xampp\htdocs\yii2\yii-1.1.29.f89b76\framework\web\filters\CInlineFilter.php(58): CController->filterAccessControl(Object(CFilterChain))
#27 C:\Users\DELL\Desktop\xampp\htdocs\yii2\yii-1.1.29.f89b76\framework\web\filters\CFilterChain.php(131): CInlineFilter->filter(Object(CFilterChain))
#28 C:\Users\DELL\Desktop\xampp\htdocs\yii2\yii-1.1.29.f89b76\framework\web\CController.php(291): CFilterChain->run()
#29 C:\Users\DELL\Desktop\xampp\htdocs\yii2\yii-1.1.29.f89b76\framework\web\CController.php(265): CController->runActionWithFilters(Object(CInlineAction), Array)
#30 C:\Users\DELL\Desktop\xampp\htdocs\yii2\yii-1.1.29.f89b76\framework\web\CWebApplication.php(282): CController->run('index')
#31 C:\Users\DELL\Desktop\xampp\htdocs\yii2\yii-1.1.29.f89b76\framework\web\CWebApplication.php(141): CWebApplication->runController('post/index')
#32 C:\Users\DELL\Desktop\xampp\htdocs\yii2\yii-1.1.29.f89b76\framework\base\CApplication.php(185): CWebApplication->processRequest()
#33 C:\Users\DELL\Desktop\xampp\htdocs\yii2\yii-1.1.29.f89b76\demos\blog\index.php(11): CApplication->run()
#34 {main}
REQUEST_URI=/yii2/yii-1.1.29.f89b76/demos/blog/index.php/post/index
HTTP_REFERER=http://localhost/yii2/yii-1.1.29.f89b76/demos/blog/index.php/site/contact
---
2024/07/29 12:08:35 [error] [exception.CDbException] SQLSTATE[HY000] [1049] Unknown database 'blog'
2024/07/29 12:08:35 [error] [exception.CDbException] CDbException: CDbConnection failed to open the DB connection. in C:\Users\DELL\Desktop\xampp\htdocs\yii2\yii-1.1.29.f89b76\framework\db\CDbConnection.php:405
Stack trace:
#0 C:\Users\DELL\Desktop\xampp\htdocs\yii2\yii-1.1.29.f89b76\framework\db\CDbConnection.php(347): CDbConnection->open()
#1 C:\Users\DELL\Desktop\xampp\htdocs\yii2\yii-1.1.29.f89b76\framework\db\CDbConnection.php(325): CDbConnection->setActive(true)
#2 C:\Users\DELL\Desktop\xampp\htdocs\yii2\yii-1.1.29.f89b76\framework\base\CModule.php(394): CDbConnection->init()
#3 C:\Users\DELL\Desktop\xampp\htdocs\yii2\yii-1.1.29.f89b76\framework\base\CApplication.php(459): CModule->getComponent('db')
#4 C:\Users\DELL\Desktop\xampp\htdocs\yii2\yii-1.1.29.f89b76\framework\db\ar\CActiveRecord.php(639): CApplication->getDb()
#5 C:\Users\DELL\Desktop\xampp\htdocs\yii2\yii-1.1.29.f89b76\framework\db\ar\CActiveRecord.php(672): CActiveRecord->getDbConnection()
#6 C:\Users\DELL\Desktop\xampp\htdocs\yii2\yii-1.1.29.f89b76\framework\db\ar\CActiveRecord.php(1604): CActiveRecord->getCommandBuilder()
#7 C:\Users\DELL\Desktop\xampp\htdocs\yii2\yii-1.1.29.f89b76\framework\web\CActiveDataProvider.php(228): CActiveRecord->count(Object(CDbCriteria))
#8 C:\Users\DELL\Desktop\xampp\htdocs\yii2\yii-1.1.29.f89b76\framework\web\CDataProvider.php(224): CActiveDataProvider->calculateTotalItemCount()
#9 C:\Users\DELL\Desktop\xampp\htdocs\yii2\yii-1.1.29.f89b76\framework\web\CActiveDataProvider.php(178): CDataProvider->getTotalItemCount()
#10 C:\Users\DELL\Desktop\xampp\htdocs\yii2\yii-1.1.29.f89b76\framework\web\CDataProvider.php(168): CActiveDataProvider->fetchData()
#11 C:\Users\DELL\Desktop\xampp\htdocs\yii2\yii-1.1.29.f89b76\framework\zii\widgets\CBaseListView.php(125): CDataProvider->getData()
#12 C:\Users\DELL\Desktop\xampp\htdocs\yii2\yii-1.1.29.f89b76\framework\zii\widgets\CListView.php(211): CBaseListView->init()
#13 C:\Users\DELL\Desktop\xampp\htdocs\yii2\yii-1.1.29.f89b76\framework\web\CBaseController.php(147): CListView->init()
#14 C:\Users\DELL\Desktop\xampp\htdocs\yii2\yii-1.1.29.f89b76\framework\web\CBaseController.php(181): CBaseController->createWidget('zii.widgets.CLi...', Array)
#15 C:\Users\DELL\Desktop\xampp\htdocs\yii2\yii-1.1.29.f89b76\demos\blog\protected\views\post\index.php(8): CBaseController->widget('zii.widgets.CLi...', Array)
#16 C:\Users\DELL\Desktop\xampp\htdocs\yii2\yii-1.1.29.f89b76\framework\web\CBaseController.php(126): require('C:\\Users\\DELL\\D...')
#17 C:\Users\DELL\Desktop\xampp\htdocs\yii2\yii-1.1.29.f89b76\framework\web\CBaseController.php(95): CBaseController->renderInternal('C:\\Users\\DELL\\D...', Array, true)
#18 C:\Users\DELL\Desktop\xampp\htdocs\yii2\yii-1.1.29.f89b76\framework\web\CController.php(872): CBaseController->renderFile('C:\\Users\\DELL\\D...', Array, true)
#19 C:\Users\DELL\Desktop\xampp\htdocs\yii2\yii-1.1.29.f89b76\framework\web\CController.php(785): CController->renderPartial('index', Array, true)
#20 C:\Users\DELL\Desktop\xampp\htdocs\yii2\yii-1.1.29.f89b76\demos\blog\protected\controllers\PostController.php(135): CController->render('index', Array)
#21 C:\Users\DELL\Desktop\xampp\htdocs\yii2\yii-1.1.29.f89b76\framework\web\actions\CInlineAction.php(49): PostController->actionIndex()
#22 C:\Users\DELL\Desktop\xampp\htdocs\yii2\yii-1.1.29.f89b76\framework\web\CController.php(308): CInlineAction->runWithParams(Array)
#23 C:\Users\DELL\Desktop\xampp\htdocs\yii2\yii-1.1.29.f89b76\framework\web\filters\CFilterChain.php(134): CController->runAction(Object(CInlineAction))
#24 C:\Users\DELL\Desktop\xampp\htdocs\yii2\yii-1.1.29.f89b76\framework\web\filters\CFilter.php(40): CFilterChain->run()
#25 C:\Users\DELL\Desktop\xampp\htdocs\yii2\yii-1.1.29.f89b76\framework\web\CController.php(1148): CFilter->filter(Object(CFilterChain))
#26 C:\Users\DELL\Desktop\xampp\htdocs\yii2\yii-1.1.29.f89b76\framework\web\filters\CInlineFilter.php(58): CController->filterAccessControl(Object(CFilterChain))
#27 C:\Users\DELL\Desktop\xampp\htdocs\yii2\yii-1.1.29.f89b76\framework\web\filters\CFilterChain.php(131): CInlineFilter->filter(Object(CFilterChain))
#28 C:\Users\DELL\Desktop\xampp\htdocs\yii2\yii-1.1.29.f89b76\framework\web\CController.php(291): CFilterChain->run()
#29 C:\Users\DELL\Desktop\xampp\htdocs\yii2\yii-1.1.29.f89b76\framework\web\CController.php(265): CController->runActionWithFilters(Object(CInlineAction), Array)
#30 C:\Users\DELL\Desktop\xampp\htdocs\yii2\yii-1.1.29.f89b76\framework\web\CWebApplication.php(282): CController->run('index')
#31 C:\Users\DELL\Desktop\xampp\htdocs\yii2\yii-1.1.29.f89b76\framework\web\CWebApplication.php(141): CWebApplication->runController('post/index')
#32 C:\Users\DELL\Desktop\xampp\htdocs\yii2\yii-1.1.29.f89b76\framework\base\CApplication.php(185): CWebApplication->processRequest()
#33 C:\Users\DELL\Desktop\xampp\htdocs\yii2\yii-1.1.29.f89b76\demos\blog\index.php(11): CApplication->run()
#34 {main}
REQUEST_URI=/yii2/yii-1.1.29.f89b76/demos/blog/index.php/post/index
HTTP_REFERER=http://localhost/yii2/yii-1.1.29.f89b76/demos/blog/index.php/site/page?view=about
---
2024/07/29 12:08:37 [error] [exception.CDbException] SQLSTATE[HY000] [1049] Unknown database 'blog'
2024/07/29 12:08:37 [error] [exception.CDbException] CDbException: CDbConnection failed to open the DB connection. in C:\Users\DELL\Desktop\xampp\htdocs\yii2\yii-1.1.29.f89b76\framework\db\CDbConnection.php:405
Stack trace:
#0 C:\Users\DELL\Desktop\xampp\htdocs\yii2\yii-1.1.29.f89b76\framework\db\CDbConnection.php(347): CDbConnection->open()
#1 C:\Users\DELL\Desktop\xampp\htdocs\yii2\yii-1.1.29.f89b76\framework\db\CDbConnection.php(325): CDbConnection->setActive(true)
#2 C:\Users\DELL\Desktop\xampp\htdocs\yii2\yii-1.1.29.f89b76\framework\base\CModule.php(394): CDbConnection->init()
#3 C:\Users\DELL\Desktop\xampp\htdocs\yii2\yii-1.1.29.f89b76\framework\base\CApplication.php(459): CModule->getComponent('db')
#4 C:\Users\DELL\Desktop\xampp\htdocs\yii2\yii-1.1.29.f89b76\framework\db\ar\CActiveRecord.php(639): CApplication->getDb()
#5 C:\Users\DELL\Desktop\xampp\htdocs\yii2\yii-1.1.29.f89b76\framework\db\ar\CActiveRecord.php(672): CActiveRecord->getDbConnection()
#6 C:\Users\DELL\Desktop\xampp\htdocs\yii2\yii-1.1.29.f89b76\framework\db\ar\CActiveRecord.php(1604): CActiveRecord->getCommandBuilder()
#7 C:\Users\DELL\Desktop\xampp\htdocs\yii2\yii-1.1.29.f89b76\framework\web\CActiveDataProvider.php(228): CActiveRecord->count(Object(CDbCriteria))
#8 C:\Users\DELL\Desktop\xampp\htdocs\yii2\yii-1.1.29.f89b76\framework\web\CDataProvider.php(224): CActiveDataProvider->calculateTotalItemCount()
#9 C:\Users\DELL\Desktop\xampp\htdocs\yii2\yii-1.1.29.f89b76\framework\web\CActiveDataProvider.php(178): CDataProvider->getTotalItemCount()
#10 C:\Users\DELL\Desktop\xampp\htdocs\yii2\yii-1.1.29.f89b76\framework\web\CDataProvider.php(168): CActiveDataProvider->fetchData()
#11 C:\Users\DELL\Desktop\xampp\htdocs\yii2\yii-1.1.29.f89b76\framework\zii\widgets\CBaseListView.php(125): CDataProvider->getData()
#12 C:\Users\DELL\Desktop\xampp\htdocs\yii2\yii-1.1.29.f89b76\framework\zii\widgets\CListView.php(211): CBaseListView->init()
#13 C:\Users\DELL\Desktop\xampp\htdocs\yii2\yii-1.1.29.f89b76\framework\web\CBaseController.php(147): CListView->init()
#14 C:\Users\DELL\Desktop\xampp\htdocs\yii2\yii-1.1.29.f89b76\framework\web\CBaseController.php(181): CBaseController->createWidget('zii.widgets.CLi...', Array)
#15 C:\Users\DELL\Desktop\xampp\htdocs\yii2\yii-1.1.29.f89b76\demos\blog\protected\views\post\index.php(8): CBaseController->widget('zii.widgets.CLi...', Array)
#16 C:\Users\DELL\Desktop\xampp\htdocs\yii2\yii-1.1.29.f89b76\framework\web\CBaseController.php(126): require('C:\\Users\\DELL\\D...')
#17 C:\Users\DELL\Desktop\xampp\htdocs\yii2\yii-1.1.29.f89b76\framework\web\CBaseController.php(95): CBaseController->renderInternal('C:\\Users\\DELL\\D...', Array, true)
#18 C:\Users\DELL\Desktop\xampp\htdocs\yii2\yii-1.1.29.f89b76\framework\web\CController.php(872): CBaseController->renderFile('C:\\Users\\DELL\\D...', Array, true)
#19 C:\Users\DELL\Desktop\xampp\htdocs\yii2\yii-1.1.29.f89b76\framework\web\CController.php(785): CController->renderPartial('index', Array, true)
#20 C:\Users\DELL\Desktop\xampp\htdocs\yii2\yii-1.1.29.f89b76\demos\blog\protected\controllers\PostController.php(135): CController->render('index', Array)
#21 C:\Users\DELL\Desktop\xampp\htdocs\yii2\yii-1.1.29.f89b76\framework\web\actions\CInlineAction.php(49): PostController->actionIndex()
#22 C:\Users\DELL\Desktop\xampp\htdocs\yii2\yii-1.1.29.f89b76\framework\web\CController.php(308): CInlineAction->runWithParams(Array)
#23 C:\Users\DELL\Desktop\xampp\htdocs\yii2\yii-1.1.29.f89b76\framework\web\filters\CFilterChain.php(134): CController->runAction(Object(CInlineAction))
#24 C:\Users\DELL\Desktop\xampp\htdocs\yii2\yii-1.1.29.f89b76\framework\web\filters\CFilter.php(40): CFilterChain->run()
#25 C:\Users\DELL\Desktop\xampp\htdocs\yii2\yii-1.1.29.f89b76\framework\web\CController.php(1148): CFilter->filter(Object(CFilterChain))
#26 C:\Users\DELL\Desktop\xampp\htdocs\yii2\yii-1.1.29.f89b76\framework\web\filters\CInlineFilter.php(58): CController->filterAccessControl(Object(CFilterChain))
#27 C:\Users\DELL\Desktop\xampp\htdocs\yii2\yii-1.1.29.f89b76\framework\web\filters\CFilterChain.php(131): CInlineFilter->filter(Object(CFilterChain))
#28 C:\Users\DELL\Desktop\xampp\htdocs\yii2\yii-1.1.29.f89b76\framework\web\CController.php(291): CFilterChain->run()
#29 C:\Users\DELL\Desktop\xampp\htdocs\yii2\yii-1.1.29.f89b76\framework\web\CController.php(265): CController->runActionWithFilters(Object(CInlineAction), Array)
#30 C:\Users\DELL\Desktop\xampp\htdocs\yii2\yii-1.1.29.f89b76\framework\web\CWebApplication.php(282): CController->run('index')
#31 C:\Users\DELL\Desktop\xampp\htdocs\yii2\yii-1.1.29.f89b76\framework\web\CWebApplication.php(141): CWebApplication->runController('post/index')
#32 C:\Users\DELL\Desktop\xampp\htdocs\yii2\yii-1.1.29.f89b76\framework\base\CApplication.php(185): CWebApplication->processRequest()
#33 C:\Users\DELL\Desktop\xampp\htdocs\yii2\yii-1.1.29.f89b76\demos\blog\index.php(11): CApplication->run()
#34 {main}
REQUEST_URI=/yii2/yii-1.1.29.f89b76/demos/blog/index.php/post/index
HTTP_REFERER=http://localhost/yii2/yii-1.1.29.f89b76/demos/blog/index.php/site/page?view=about
---
2024/07/29 12:08:51 [error] [exception.CDbException] SQLSTATE[HY000] [1049] Unknown database 'blog'
2024/07/29 12:08:51 [error] [exception.CDbException] CDbException: CDbConnection failed to open the DB connection. in C:\Users\DELL\Desktop\xampp\htdocs\yii2\yii-1.1.29.f89b76\framework\db\CDbConnection.php:405
Stack trace:
#0 C:\Users\DELL\Desktop\xampp\htdocs\yii2\yii-1.1.29.f89b76\framework\db\CDbConnection.php(347): CDbConnection->open()
#1 C:\Users\DELL\Desktop\xampp\htdocs\yii2\yii-1.1.29.f89b76\framework\db\CDbConnection.php(325): CDbConnection->setActive(true)
#2 C:\Users\DELL\Desktop\xampp\htdocs\yii2\yii-1.1.29.f89b76\framework\base\CModule.php(394): CDbConnection->init()
#3 C:\Users\DELL\Desktop\xampp\htdocs\yii2\yii-1.1.29.f89b76\framework\base\CApplication.php(459): CModule->getComponent('db')
#4 C:\Users\DELL\Desktop\xampp\htdocs\yii2\yii-1.1.29.f89b76\framework\db\ar\CActiveRecord.php(639): CApplication->getDb()
#5 C:\Users\DELL\Desktop\xampp\htdocs\yii2\yii-1.1.29.f89b76\framework\db\ar\CActiveRecord.php(672): CActiveRecord->getDbConnection()
#6 C:\Users\DELL\Desktop\xampp\htdocs\yii2\yii-1.1.29.f89b76\framework\db\ar\CActiveRecord.php(1604): CActiveRecord->getCommandBuilder()
#7 C:\Users\DELL\Desktop\xampp\htdocs\yii2\yii-1.1.29.f89b76\framework\web\CActiveDataProvider.php(228): CActiveRecord->count(Object(CDbCriteria))
#8 C:\Users\DELL\Desktop\xampp\htdocs\yii2\yii-1.1.29.f89b76\framework\web\CDataProvider.php(224): CActiveDataProvider->calculateTotalItemCount()
#9 C:\Users\DELL\Desktop\xampp\htdocs\yii2\yii-1.1.29.f89b76\framework\web\CActiveDataProvider.php(178): CDataProvider->getTotalItemCount()
#10 C:\Users\DELL\Desktop\xampp\htdocs\yii2\yii-1.1.29.f89b76\framework\web\CDataProvider.php(168): CActiveDataProvider->fetchData()
#11 C:\Users\DELL\Desktop\xampp\htdocs\yii2\yii-1.1.29.f89b76\framework\zii\widgets\CBaseListView.php(125): CDataProvider->getData()
#12 C:\Users\DELL\Desktop\xampp\htdocs\yii2\yii-1.1.29.f89b76\framework\zii\widgets\CListView.php(211): CBaseListView->init()
#13 C:\Users\DELL\Desktop\xampp\htdocs\yii2\yii-1.1.29.f89b76\framework\web\CBaseController.php(147): CListView->init()
#14 C:\Users\DELL\Desktop\xampp\htdocs\yii2\yii-1.1.29.f89b76\framework\web\CBaseController.php(181): CBaseController->createWidget('zii.widgets.CLi...', Array)
#15 C:\Users\DELL\Desktop\xampp\htdocs\yii2\yii-1.1.29.f89b76\demos\blog\protected\views\post\index.php(8): CBaseController->widget('zii.widgets.CLi...', Array)
#16 C:\Users\DELL\Desktop\xampp\htdocs\yii2\yii-1.1.29.f89b76\framework\web\CBaseController.php(126): require('C:\\Users\\DELL\\D...')
#17 C:\Users\DELL\Desktop\xampp\htdocs\yii2\yii-1.1.29.f89b76\framework\web\CBaseController.php(95): CBaseController->renderInternal('C:\\Users\\DELL\\D...', Array, true)
#18 C:\Users\DELL\Desktop\xampp\htdocs\yii2\yii-1.1.29.f89b76\framework\web\CController.php(872): CBaseController->renderFile('C:\\Users\\DELL\\D...', Array, true)
#19 C:\Users\DELL\Desktop\xampp\htdocs\yii2\yii-1.1.29.f89b76\framework\web\CController.php(785): CController->renderPartial('index', Array, true)
#20 C:\Users\DELL\Desktop\xampp\htdocs\yii2\yii-1.1.29.f89b76\demos\blog\protected\controllers\PostController.php(135): CController->render('index', Array)
#21 C:\Users\DELL\Desktop\xampp\htdocs\yii2\yii-1.1.29.f89b76\framework\web\actions\CInlineAction.php(49): PostController->actionIndex()
#22 C:\Users\DELL\Desktop\xampp\htdocs\yii2\yii-1.1.29.f89b76\framework\web\CController.php(308): CInlineAction->runWithParams(Array)
#23 C:\Users\DELL\Desktop\xampp\htdocs\yii2\yii-1.1.29.f89b76\framework\web\filters\CFilterChain.php(134): CController->runAction(Object(CInlineAction))
#24 C:\Users\DELL\Desktop\xampp\htdocs\yii2\yii-1.1.29.f89b76\framework\web\filters\CFilter.php(40): CFilterChain->run()
#25 C:\Users\DELL\Desktop\xampp\htdocs\yii2\yii-1.1.29.f89b76\framework\web\CController.php(1148): CFilter->filter(Object(CFilterChain))
#26 C:\Users\DELL\Desktop\xampp\htdocs\yii2\yii-1.1.29.f89b76\framework\web\filters\CInlineFilter.php(58): CController->filterAccessControl(Object(CFilterChain))
#27 C:\Users\DELL\Desktop\xampp\htdocs\yii2\yii-1.1.29.f89b76\framework\web\filters\CFilterChain.php(131): CInlineFilter->filter(Object(CFilterChain))
#28 C:\Users\DELL\Desktop\xampp\htdocs\yii2\yii-1.1.29.f89b76\framework\web\CController.php(291): CFilterChain->run()
#29 C:\Users\DELL\Desktop\xampp\htdocs\yii2\yii-1.1.29.f89b76\framework\web\CController.php(265): CController->runActionWithFilters(Object(CInlineAction), Array)
#30 C:\Users\DELL\Desktop\xampp\htdocs\yii2\yii-1.1.29.f89b76\framework\web\CWebApplication.php(282): CController->run('index')
#31 C:\Users\DELL\Desktop\xampp\htdocs\yii2\yii-1.1.29.f89b76\framework\web\CWebApplication.php(141): CWebApplication->runController('post/index')
#32 C:\Users\DELL\Desktop\xampp\htdocs\yii2\yii-1.1.29.f89b76\framework\base\CApplication.php(185): CWebApplication->processRequest()
#33 C:\Users\DELL\Desktop\xampp\htdocs\yii2\yii-1.1.29.f89b76\demos\blog\index.php(11): CApplication->run()
#34 {main}
REQUEST_URI=/yii2/yii-1.1.29.f89b76/demos/blog/index.php/post/index
HTTP_REFERER=http://localhost/yii2/yii-1.1.29.f89b76/demos/blog/index.php/site/contact
---
2024/07/29 12:08:53 [error] [exception.CDbException] SQLSTATE[HY000] [1049] Unknown database 'blog'
2024/07/29 12:08:53 [error] [exception.CDbException] CDbException: CDbConnection failed to open the DB connection. in C:\Users\DELL\Desktop\xampp\htdocs\yii2\yii-1.1.29.f89b76\framework\db\CDbConnection.php:405
Stack trace:
#0 C:\Users\DELL\Desktop\xampp\htdocs\yii2\yii-1.1.29.f89b76\framework\db\CDbConnection.php(347): CDbConnection->open()
#1 C:\Users\DELL\Desktop\xampp\htdocs\yii2\yii-1.1.29.f89b76\framework\db\CDbConnection.php(325): CDbConnection->setActive(true)
#2 C:\Users\DELL\Desktop\xampp\htdocs\yii2\yii-1.1.29.f89b76\framework\base\CModule.php(394): CDbConnection->init()
#3 C:\Users\DELL\Desktop\xampp\htdocs\yii2\yii-1.1.29.f89b76\framework\base\CApplication.php(459): CModule->getComponent('db')
#4 C:\Users\DELL\Desktop\xampp\htdocs\yii2\yii-1.1.29.f89b76\framework\db\ar\CActiveRecord.php(639): CApplication->getDb()
#5 C:\Users\DELL\Desktop\xampp\htdocs\yii2\yii-1.1.29.f89b76\framework\db\ar\CActiveRecord.php(672): CActiveRecord->getDbConnection()
#6 C:\Users\DELL\Desktop\xampp\htdocs\yii2\yii-1.1.29.f89b76\framework\db\ar\CActiveRecord.php(1604): CActiveRecord->getCommandBuilder()
#7 C:\Users\DELL\Desktop\xampp\htdocs\yii2\yii-1.1.29.f89b76\framework\web\CActiveDataProvider.php(228): CActiveRecord->count(Object(CDbCriteria))
#8 C:\Users\DELL\Desktop\xampp\htdocs\yii2\yii-1.1.29.f89b76\framework\web\CDataProvider.php(224): CActiveDataProvider->calculateTotalItemCount()
#9 C:\Users\DELL\Desktop\xampp\htdocs\yii2\yii-1.1.29.f89b76\framework\web\CActiveDataProvider.php(178): CDataProvider->getTotalItemCount()
#10 C:\Users\DELL\Desktop\xampp\htdocs\yii2\yii-1.1.29.f89b76\framework\web\CDataProvider.php(168): CActiveDataProvider->fetchData()
#11 C:\Users\DELL\Desktop\xampp\htdocs\yii2\yii-1.1.29.f89b76\framework\zii\widgets\CBaseListView.php(125): CDataProvider->getData()
#12 C:\Users\DELL\Desktop\xampp\htdocs\yii2\yii-1.1.29.f89b76\framework\zii\widgets\CListView.php(211): CBaseListView->init()
#13 C:\Users\DELL\Desktop\xampp\htdocs\yii2\yii-1.1.29.f89b76\framework\web\CBaseController.php(147): CListView->init()
#14 C:\Users\DELL\Desktop\xampp\htdocs\yii2\yii-1.1.29.f89b76\framework\web\CBaseController.php(181): CBaseController->createWidget('zii.widgets.CLi...', Array)
#15 C:\Users\DELL\Desktop\xampp\htdocs\yii2\yii-1.1.29.f89b76\demos\blog\protected\views\post\index.php(8): CBaseController->widget('zii.widgets.CLi...', Array)
#16 C:\Users\DELL\Desktop\xampp\htdocs\yii2\yii-1.1.29.f89b76\framework\web\CBaseController.php(126): require('C:\\Users\\DELL\\D...')
#17 C:\Users\DELL\Desktop\xampp\htdocs\yii2\yii-1.1.29.f89b76\framework\web\CBaseController.php(95): CBaseController->renderInternal('C:\\Users\\DELL\\D...', Array, true)
#18 C:\Users\DELL\Desktop\xampp\htdocs\yii2\yii-1.1.29.f89b76\framework\web\CController.php(872): CBaseController->renderFile('C:\\Users\\DELL\\D...', Array, true)
#19 C:\Users\DELL\Desktop\xampp\htdocs\yii2\yii-1.1.29.f89b76\framework\web\CController.php(785): CController->renderPartial('index', Array, true)
#20 C:\Users\DELL\Desktop\xampp\htdocs\yii2\yii-1.1.29.f89b76\demos\blog\protected\controllers\PostController.php(135): CController->render('index', Array)
#21 C:\Users\DELL\Desktop\xampp\htdocs\yii2\yii-1.1.29.f89b76\framework\web\actions\CInlineAction.php(49): PostController->actionIndex()
#22 C:\Users\DELL\Desktop\xampp\htdocs\yii2\yii-1.1.29.f89b76\framework\web\CController.php(308): CInlineAction->runWithParams(Array)
#23 C:\Users\DELL\Desktop\xampp\htdocs\yii2\yii-1.1.29.f89b76\framework\web\filters\CFilterChain.php(134): CController->runAction(Object(CInlineAction))
#24 C:\Users\DELL\Desktop\xampp\htdocs\yii2\yii-1.1.29.f89b76\framework\web\filters\CFilter.php(40): CFilterChain->run()
#25 C:\Users\DELL\Desktop\xampp\htdocs\yii2\yii-1.1.29.f89b76\framework\web\CController.php(1148): CFilter->filter(Object(CFilterChain))
#26 C:\Users\DELL\Desktop\xampp\htdocs\yii2\yii-1.1.29.f89b76\framework\web\filters\CInlineFilter.php(58): CController->filterAccessControl(Object(CFilterChain))
#27 C:\Users\DELL\Desktop\xampp\htdocs\yii2\yii-1.1.29.f89b76\framework\web\filters\CFilterChain.php(131): CInlineFilter->filter(Object(CFilterChain))
#28 C:\Users\DELL\Desktop\xampp\htdocs\yii2\yii-1.1.29.f89b76\framework\web\CController.php(291): CFilterChain->run()
#29 C:\Users\DELL\Desktop\xampp\htdocs\yii2\yii-1.1.29.f89b76\framework\web\CController.php(265): CController->runActionWithFilters(Object(CInlineAction), Array)
#30 C:\Users\DELL\Desktop\xampp\htdocs\yii2\yii-1.1.29.f89b76\framework\web\CWebApplication.php(282): CController->run('index')
#31 C:\Users\DELL\Desktop\xampp\htdocs\yii2\yii-1.1.29.f89b76\framework\web\CWebApplication.php(141): CWebApplication->runController('post/index')
#32 C:\Users\DELL\Desktop\xampp\htdocs\yii2\yii-1.1.29.f89b76\framework\base\CApplication.php(185): CWebApplication->processRequest()
#33 C:\Users\DELL\Desktop\xampp\htdocs\yii2\yii-1.1.29.f89b76\demos\blog\index.php(11): CApplication->run()
#34 {main}
REQUEST_URI=/yii2/yii-1.1.29.f89b76/demos/blog/index.php/post/index
HTTP_REFERER=http://localhost/yii2/yii-1.1.29.f89b76/demos/blog/index.php/site/contact
---
